Started GET "/" for ::1 at 2019-06-21 15:34:17 -0300
  
ActiveRecord::NoDatabaseError (Unknown database 'app1'):
  
activerecord (5.2.3) lib/active_record/connection_adapters/mysql2_adapter.rb:26:in `rescue in mysql2_connection'
activerecord (5.2.3) lib/active_record/connection_adapters/mysql2_adapter.rb:12:in `mysql2_connection'
activerecord (5.2.3) lib/active_record/connection_adapters/abstract/connection_pool.rb:811:in `new_connection'
activerecord (5.2.3) lib/active_record/connection_adapters/abstract/connection_pool.rb:855:in `checkout_new_connection'
activerecord (5.2.3) lib/active_record/connection_adapters/abstract/connection_pool.rb:834:in `try_to_checkout_new_connection'
activerecord (5.2.3) lib/active_record/connection_adapters/abstract/connection_pool.rb:795:in `acquire_connection'
activerecord (5.2.3) lib/active_record/connection_adapters/abstract/connection_pool.rb:523:in `checkout'
activerecord (5.2.3) lib/active_record/connection_adapters/abstract/connection_pool.rb:382:in `connection'
activerecord (5.2.3) lib/active_record/connection_adapters/abstract/connection_pool.rb:1014:in `retrieve_connection'
activerecord (5.2.3) lib/active_record/connection_handling.rb:118:in `retrieve_connection'
activerecord (5.2.3) lib/active_record/connection_handling.rb:90:in `connection'
activerecord (5.2.3) lib/active_record/migration.rb:554:in `call'
actionpack (5.2.3) lib/action_dispatch/middleware/callbacks.rb:28:in `block in call'
activesupport (5.2.3) lib/active_support/callbacks.rb:98:in `run_callbacks'
actionpack (5.2.3) lib/action_dispatch/middleware/callbacks.rb:26:in `call'
actionpack (5.2.3) lib/action_dispatch/middleware/executor.rb:14:in `call'
actionpack (5.2.3) lib/action_dispatch/middleware/debug_exceptions.rb:61:in `call'
web-console (3.7.0) lib/web_console/middleware.rb:135:in `call_app'
web-console (3.7.0) lib/web_console/middleware.rb:30:in `block in call'
web-console (3.7.0) lib/web_console/middleware.rb:20:in `catch'
web-console (3.7.0) lib/web_console/middleware.rb:20:in `call'
actionpack (5.2.3) lib/action_dispatch/middleware/show_exceptions.rb:33:in `call'
railties (5.2.3) lib/rails/rack/logger.rb:38:in `call_app'
railties (5.2.3) lib/rails/rack/logger.rb:26:in `block in call'
activesupport (5.2.3) lib/active_support/tagged_logging.rb:71:in `block in tagged'
activesupport (5.2.3) lib/active_support/tagged_logging.rb:28:in `tagged'
activesupport (5.2.3) lib/active_support/tagged_logging.rb:71:in `tagged'
railties (5.2.3) lib/rails/rack/logger.rb:26:in `call'
sprockets-rails (3.2.1) lib/sprockets/rails/quiet_assets.rb:13:in `call'
actionpack (5.2.3) lib/action_dispatch/middleware/remote_ip.rb:81:in `call'
actionpack (5.2.3) lib/action_dispatch/middleware/request_id.rb:27:in `call'
rack (2.0.7) lib/rack/method_override.rb:22:in `call'
rack (2.0.7) lib/rack/runtime.rb:22:in `call'
activesupport (5.2.3) lib/active_support/cache/strategy/local_cache_middleware.rb:29:in `call'
actionpack (5.2.3) lib/action_dispatch/middleware/executor.rb:14:in `call'
actionpack (5.2.3) lib/action_dispatch/middleware/static.rb:127:in `call'
rack (2.0.7) lib/rack/sendfile.rb:111:in `call'
railties (5.2.3) lib/rails/engine.rb:524:in `call'
puma (3.12.1) lib/puma/configuration.rb:227:in `call'
puma (3.12.1) lib/puma/server.rb:660:in `handle_request'
puma (3.12.1) lib/puma/server.rb:474:in `process_client'
puma (3.12.1) lib/puma/server.rb:334:in `block in run'
puma (3.12.1) lib/puma/thread_pool.rb:135:in `block in spawn_thread'
  [1m[35m (73.5ms)[0m  [1m[35mSET  @@SESSION.sql_mode = CONCAT(CONCAT(@@sql_mode, ',STRICT_ALL_TABLES'), ',NO_AUTO_VALUE_ON_ZERO'),  @@SESSION.sql_auto_is_null = 0, @@SESSION.wait_timeout = 2147483[0m
  ↳ C:/Ruby25-x64/bin/rake:23
  [1m[35m (14.5ms)[0m  [1m[35mCREATE DATABASE `app1` DEFAULT CHARACTER SET `utf8`[0m
  ↳ C:/Ruby25-x64/bin/rake:23
Started GET "/" for ::1 at 2019-06-21 15:36:30 -0300
  [1m[35m (0.8ms)[0m  [1m[35mSET  @@SESSION.sql_mode = CONCAT(CONCAT(@@sql_mode, ',STRICT_ALL_TABLES'), ',NO_AUTO_VALUE_ON_ZERO'),  @@SESSION.sql_auto_is_null = 0, @@SESSION.wait_timeout = 2147483[0m
  ↳ C:/Ruby25-x64/lib/ruby/gems/2.5.0/gems/activerecord-5.2.3/lib/active_record/log_subscriber.rb:98
Processing by Rails::WelcomeController#index as HTML
  Rendering C:/Ruby25-x64/lib/ruby/gems/2.5.0/gems/railties-5.2.3/lib/rails/templates/rails/welcome/index.html.erb
  Rendered C:/Ruby25-x64/lib/ruby/gems/2.5.0/gems/railties-5.2.3/lib/rails/templates/rails/welcome/index.html.erb (12.4ms)
Completed 200 OK in 320ms (Views: 162.0ms | ActiveRecord: 0.0ms)


Started GET "/" for ::1 at 2019-06-24 14:21:52 -0300
  
Mysql2::Error::ConnectionError (Can't connect to MySQL server on 'localhost' (10061)):
  
mysql2-0.5.2-x64 (mingw32) lib/mysql2/client.rb:90:in `connect'
mysql2-0.5.2-x64 (mingw32) lib/mysql2/client.rb:90:in `initialize'
activerecord (5.2.3) lib/active_record/connection_adapters/mysql2_adapter.rb:22:in `new'
activerecord (5.2.3) lib/active_record/connection_adapters/mysql2_adapter.rb:22:in `mysql2_connection'
activerecord (5.2.3) lib/active_record/connection_adapters/abstract/connection_pool.rb:811:in `new_connection'
activerecord (5.2.3) lib/active_record/connection_adapters/abstract/connection_pool.rb:855:in `checkout_new_connection'
activerecord (5.2.3) lib/active_record/connection_adapters/abstract/connection_pool.rb:834:in `try_to_checkout_new_connection'
activerecord (5.2.3) lib/active_record/connection_adapters/abstract/connection_pool.rb:795:in `acquire_connection'
activerecord (5.2.3) lib/active_record/connection_adapters/abstract/connection_pool.rb:523:in `checkout'
activerecord (5.2.3) lib/active_record/connection_adapters/abstract/connection_pool.rb:382:in `connection'
activerecord (5.2.3) lib/active_record/connection_adapters/abstract/connection_pool.rb:1014:in `retrieve_connection'
activerecord (5.2.3) lib/active_record/connection_handling.rb:118:in `retrieve_connection'
activerecord (5.2.3) lib/active_record/connection_handling.rb:90:in `connection'
activerecord (5.2.3) lib/active_record/migration.rb:554:in `call'
actionpack (5.2.3) lib/action_dispatch/middleware/callbacks.rb:28:in `block in call'
activesupport (5.2.3) lib/active_support/callbacks.rb:98:in `run_callbacks'
actionpack (5.2.3) lib/action_dispatch/middleware/callbacks.rb:26:in `call'
actionpack (5.2.3) lib/action_dispatch/middleware/executor.rb:14:in `call'
actionpack (5.2.3) lib/action_dispatch/middleware/debug_exceptions.rb:61:in `call'
web-console (3.7.0) lib/web_console/middleware.rb:135:in `call_app'
web-console (3.7.0) lib/web_console/middleware.rb:30:in `block in call'
web-console (3.7.0) lib/web_console/middleware.rb:20:in `catch'
web-console (3.7.0) lib/web_console/middleware.rb:20:in `call'
actionpack (5.2.3) lib/action_dispatch/middleware/show_exceptions.rb:33:in `call'
railties (5.2.3) lib/rails/rack/logger.rb:38:in `call_app'
railties (5.2.3) lib/rails/rack/logger.rb:26:in `block in call'
activesupport (5.2.3) lib/active_support/tagged_logging.rb:71:in `block in tagged'
activesupport (5.2.3) lib/active_support/tagged_logging.rb:28:in `tagged'
activesupport (5.2.3) lib/active_support/tagged_logging.rb:71:in `tagged'
railties (5.2.3) lib/rails/rack/logger.rb:26:in `call'
sprockets-rails (3.2.1) lib/sprockets/rails/quiet_assets.rb:13:in `call'
actionpack (5.2.3) lib/action_dispatch/middleware/remote_ip.rb:81:in `call'
actionpack (5.2.3) lib/action_dispatch/middleware/request_id.rb:27:in `call'
rack (2.0.7) lib/rack/method_override.rb:22:in `call'
rack (2.0.7) lib/rack/runtime.rb:22:in `call'
activesupport (5.2.3) lib/active_support/cache/strategy/local_cache_middleware.rb:29:in `call'
actionpack (5.2.3) lib/action_dispatch/middleware/executor.rb:14:in `call'
actionpack (5.2.3) lib/action_dispatch/middleware/static.rb:127:in `call'
rack (2.0.7) lib/rack/sendfile.rb:111:in `call'
railties (5.2.3) lib/rails/engine.rb:524:in `call'
puma (3.12.1) lib/puma/configuration.rb:227:in `call'
puma (3.12.1) lib/puma/server.rb:660:in `handle_request'
puma (3.12.1) lib/puma/server.rb:474:in `process_client'
puma (3.12.1) lib/puma/server.rb:334:in `block in run'
puma (3.12.1) lib/puma/thread_pool.rb:135:in `block in spawn_thread'
Started GET "/" for ::1 at 2019-06-24 14:26:21 -0300
  [1m[35m (2.3ms)[0m  [1m[35mSET  @@SESSION.sql_mode = CONCAT(CONCAT(@@sql_mode, ',STRICT_ALL_TABLES'), ',NO_AUTO_VALUE_ON_ZERO'),  @@SESSION.sql_auto_is_null = 0, @@SESSION.wait_timeout = 2147483[0m
  ↳ C:/Ruby25-x64/lib/ruby/gems/2.5.0/gems/activerecord-5.2.3/lib/active_record/log_subscriber.rb:98
Processing by Rails::WelcomeController#index as HTML
  Rendering C:/Ruby25-x64/lib/ruby/gems/2.5.0/gems/railties-5.2.3/lib/rails/templates/rails/welcome/index.html.erb
  Rendered C:/Ruby25-x64/lib/ruby/gems/2.5.0/gems/railties-5.2.3/lib/rails/templates/rails/welcome/index.html.erb (3.8ms)
Completed 200 OK in 282ms (Views: 132.1ms | ActiveRecord: 0.0ms)


Started GET "/" for ::1 at 2019-06-24 14:30:58 -0300
  [1m[35m (1.1ms)[0m  [1m[35mSET  @@SESSION.sql_mode = CONCAT(CONCAT(@@sql_mode, ',STRICT_ALL_TABLES'), ',NO_AUTO_VALUE_ON_ZERO'),  @@SESSION.sql_auto_is_null = 0, @@SESSION.wait_timeout = 2147483[0m
  ↳ C:/Ruby25-x64/lib/ruby/gems/2.5.0/gems/activerecord-5.2.3/lib/active_record/log_subscriber.rb:98
Processing by Rails::WelcomeController#index as HTML
  Rendering C:/Ruby25-x64/lib/ruby/gems/2.5.0/gems/railties-5.2.3/lib/rails/templates/rails/welcome/index.html.erb
  Rendered C:/Ruby25-x64/lib/ruby/gems/2.5.0/gems/railties-5.2.3/lib/rails/templates/rails/welcome/index.html.erb (13.0ms)
Completed 200 OK in 309ms (Views: 173.6ms | ActiveRecord: 0.0ms)


Started GET "/" for ::1 at 2019-06-24 14:49:08 -0300
  [1m[35m (1.6ms)[0m  [1m[35mSET  @@SESSION.sql_mode = CONCAT(CONCAT(@@sql_mode, ',STRICT_ALL_TABLES'), ',NO_AUTO_VALUE_ON_ZERO'),  @@SESSION.sql_auto_is_null = 0, @@SESSION.wait_timeout = 2147483[0m
  ↳ C:/Ruby25-x64/lib/ruby/gems/2.5.0/gems/activerecord-5.2.3/lib/active_record/log_subscriber.rb:98
Processing by Rails::WelcomeController#index as HTML
  Rendering C:/Ruby25-x64/lib/ruby/gems/2.5.0/gems/railties-5.2.3/lib/rails/templates/rails/welcome/index.html.erb
  Rendered C:/Ruby25-x64/lib/ruby/gems/2.5.0/gems/railties-5.2.3/lib/rails/templates/rails/welcome/index.html.erb (4.1ms)
Completed 200 OK in 292ms (Views: 135.0ms | ActiveRecord: 0.0ms)


Started GET "/" for ::1 at 2019-06-24 15:37:07 -0300
  [1m[35m (3.4ms)[0m  [1m[35mSET  @@SESSION.sql_mode = CONCAT(CONCAT(@@sql_mode, ',STRICT_ALL_TABLES'), ',NO_AUTO_VALUE_ON_ZERO'),  @@SESSION.sql_auto_is_null = 0, @@SESSION.wait_timeout = 2147483[0m
  ↳ C:/Ruby25-x64/lib/ruby/gems/2.5.0/gems/activerecord-5.2.3/lib/active_record/log_subscriber.rb:98
Processing by SarasaController#index as HTML
  Rendering sarasa/index.html.erb within layouts/application
  Rendered sarasa/index.html.erb within layouts/application (3.1ms)
Completed 200 OK in 1758ms (Views: 1667.0ms | ActiveRecord: 0.0ms)


Started GET "/" for ::1 at 2019-06-24 16:01:03 -0300
  [1m[35m (2.2ms)[0m  [1m[35mSET  @@SESSION.sql_mode = CONCAT(CONCAT(@@sql_mode, ',STRICT_ALL_TABLES'), ',NO_AUTO_VALUE_ON_ZERO'),  @@SESSION.sql_auto_is_null = 0, @@SESSION.wait_timeout = 2147483[0m
  ↳ C:/Ruby25-x64/lib/ruby/gems/2.5.0/gems/activerecord-5.2.3/lib/active_record/log_subscriber.rb:98
Processing by SarasaController#index as HTML
  Rendering sarasa/index.html.erb within layouts/application
  Rendered sarasa/index.html.erb within layouts/application (1.1ms)
Completed 200 OK in 612ms (Views: 472.6ms | ActiveRecord: 0.0ms)


Started GET "/" for ::1 at 2019-06-24 16:02:49 -0300
Processing by SarasaController#index as HTML
  Rendering sarasa/index.html.erb within layouts/application
  Rendered sarasa/index.html.erb within layouts/application (2.1ms)
Completed 200 OK in 567ms (Views: 465.1ms | ActiveRecord: 0.0ms)


Started GET "/" for ::1 at 2019-06-24 16:03:03 -0300
Processing by SarasaController#index as HTML
  Rendering sarasa/index.html.erb within layouts/application
  Rendered sarasa/index.html.erb within layouts/application (1.1ms)
Completed 200 OK in 522ms (Views: 427.7ms | ActiveRecord: 0.0ms)


Started GET "/" for ::1 at 2019-06-24 16:03:54 -0300
Processing by SarasaController#index as HTML
  Rendering sarasa/index.html.erb within layouts/application
  Rendered sarasa/index.html.erb within layouts/application (1.7ms)
Completed 200 OK in 520ms (Views: 417.6ms | ActiveRecord: 0.0ms)


Started GET "/" for ::1 at 2019-06-24 16:07:04 -0300
Processing by SarasaController#index as HTML
  Rendering sarasa/index.html.erb within layouts/application
  Rendered sarasa/index.html.erb within layouts/application (1.8ms)
Completed 200 OK in 505ms (Views: 416.9ms | ActiveRecord: 0.0ms)


Started GET "/?name=Joaquin" for ::1 at 2019-06-24 16:07:13 -0300
Processing by SarasaController#index as HTML
  Parameters: {"name"=>"Joaquin"}
  Rendering sarasa/index.html.erb within layouts/application
  Rendered sarasa/index.html.erb within layouts/application (1.1ms)
Completed 200 OK in 460ms (Views: 370.5ms | ActiveRecord: 0.0ms)


Started GET "/?name=Fede" for ::1 at 2019-06-24 16:07:19 -0300
Processing by SarasaController#index as HTML
  Parameters: {"name"=>"Fede"}
  Rendering sarasa/index.html.erb within layouts/application
  Rendered sarasa/index.html.erb within layouts/application (1.0ms)
Completed 200 OK in 450ms (Views: 367.1ms | ActiveRecord: 0.0ms)


Started GET "/?name=Nico%20que%20lo%20mira%20desde%20el%20sillon" for ::1 at 2019-06-24 16:07:27 -0300
Processing by SarasaController#index as HTML
  Parameters: {"name"=>"Nico que lo mira desde el sillon"}
  Rendering sarasa/index.html.erb within layouts/application
  Rendered sarasa/index.html.erb within layouts/application (2.2ms)
Completed 200 OK in 457ms (Views: 366.6ms | ActiveRecord: 0.0ms)


Started GET "/?name=Nico%20que%20lo%20mira%20desde%20el%20sillon" for ::1 at 2019-06-24 16:08:18 -0300
Processing by SarasaController#index as HTML
  Parameters: {"name"=>"Nico que lo mira desde el sillon"}
  Rendering sarasa/index.html.erb within layouts/application
  Rendered sarasa/index.html.erb within layouts/application (1.0ms)
Completed 200 OK in 494ms (Views: 396.1ms | ActiveRecord: 0.0ms)


Started GET "/?name=Fede" for ::1 at 2019-06-24 16:09:04 -0300
Processing by SarasaController#index as HTML
  Parameters: {"name"=>"Fede"}
Completed 500 Internal Server Error in 9ms (ActiveRecord: 0.0ms)


  
NoMethodError (undefined method `uppers' for "Fede":String):
  
app/controllers/sarasa_controller.rb:3:in `index'
Started GET "/?name=Fede" for ::1 at 2019-06-24 16:09:20 -0300
Started GET "/?name=Fede" for ::1 at 2019-06-24 16:09:22 -0300
Started GET "/?name=Fede" for ::1 at 2019-06-24 16:09:26 -0300
Processing by SarasaController#index as HTML
  [1m[35m (73.3ms)[0m  [1m[35mSET  @@SESSION.sql_mode = CONCAT(CONCAT(@@sql_mode, ',STRICT_ALL_TABLES'), ',NO_AUTO_VALUE_ON_ZERO'),  @@SESSION.sql_auto_is_null = 0, @@SESSION.wait_timeout = 2147483[0m
  [1m[35m (74.5ms)[0m  [1m[35mSET  @@SESSION.sql_mode = CONCAT(CONCAT(@@sql_mode, ',STRICT_ALL_TABLES'), ',NO_AUTO_VALUE_ON_ZERO'),  @@SESSION.sql_auto_is_null = 0, @@SESSION.wait_timeout = 2147483[0m
  Parameters: {"name"=>"Fede"}
  ↳ C:/Ruby25-x64/lib/ruby/gems/2.5.0/gems/activerecord-5.2.3/lib/active_record/log_subscriber.rb:98
  ↳ C:/Ruby25-x64/lib/ruby/gems/2.5.0/gems/activerecord-5.2.3/lib/active_record/log_subscriber.rb:98
Processing by SarasaController#index as HTML
Processing by SarasaController#index as HTML
  Parameters: {"name"=>"Fede"}
  Parameters: {"name"=>"Fede"}
  Rendering sarasa/index.html.erb within layouts/application
  Rendered sarasa/index.html.erb within layouts/application (1.8ms)
  Rendering sarasa/index.html.erb within layouts/application
  Rendering sarasa/index.html.erb within layouts/application
  Rendered sarasa/index.html.erb within layouts/application (0.3ms)
  Rendered sarasa/index.html.erb within layouts/application (0.1ms)
Completed 200 OK in 1270ms (Views: 1082.1ms | ActiveRecord: 0.0ms)


Completed 200 OK in 1022ms (Views: 695.3ms | ActiveRecord: 0.0ms)


Completed 200 OK in 1214ms (Views: 877.7ms | ActiveRecord: 0.0ms)


Started GET "/?name=Fede" for ::1 at 2019-06-24 16:11:40 -0300
Processing by SarasaController#index as HTML
  Parameters: {"name"=>"Fede"}
  Rendering sarasa/index.html.erb within layouts/application
  Rendered sarasa/index.html.erb within layouts/application (0.9ms)
Completed 200 OK in 642ms (Views: 527.8ms | ActiveRecord: 0.0ms)


Started GET "/?name=Fede" for ::1 at 2019-06-24 16:11:55 -0300
Processing by SarasaController#index as HTML
  Parameters: {"name"=>"Fede"}
  Rendering sarasa/index.html.erb within layouts/application
  Rendered sarasa/index.html.erb within layouts/application (0.9ms)
Completed 200 OK in 504ms (Views: 402.9ms | ActiveRecord: 0.0ms)


